<?xml version="1.0" encoding="UTF-8"?>
<testng-results skipped="0" failed="0" ignored="0" total="6" passed="6">
  <reporter-output>
  </reporter-output>
  <suite name="Command line suite" duration-ms="65" started-at="2020-12-10T12:43:18Z" finished-at="2020-12-10T12:43:18Z">
    <groups>
    </groups>
    <test name="Command line test" duration-ms="65" started-at="2020-12-10T12:43:18Z" finished-at="2020-12-10T12:43:18Z">
      <class name="qaclickacademy.Mavenjava.AppiumTest">
        <test-method status="PASS" signature="IOSApps()[pri:0, instance:qaclickacademy.Mavenjava.AppiumTest@3cda1055]" name="IOSApps" duration-ms="5" started-at="2020-12-10T18:13:18Z" finished-at="2020-12-10T18:13:18Z">
          <reporter-output>
          </reporter-output>
        </test-method> <!-- IOSApps -->
        <test-method status="PASS" signature="NativeAPpAndroid()[pri:0, instance:qaclickacademy.Mavenjava.AppiumTest@3cda1055]" name="NativeAPpAndroid" duration-ms="5" started-at="2020-12-10T18:13:18Z" finished-at="2020-12-10T18:13:18Z">
          <reporter-output>
          </reporter-output>
        </test-method> <!-- NativeAPpAndroid -->
      </class> <!-- qaclickacademy.Mavenjava.AppiumTest -->
      <class name="qaclickacademy.Mavenjava.RESTAPITest">
        <test-method status="PASS" signature="deleteTwiter()[pri:0, instance:qaclickacademy.Mavenjava.RESTAPITest@79b4d0f]" name="deleteTwiter" duration-ms="1" started-at="2020-12-10T18:13:18Z" finished-at="2020-12-10T18:13:18Z">
          <reporter-output>
          </reporter-output>
        </test-method> <!-- deleteTwiter -->
        <test-method status="PASS" signature="postJira()[pri:0, instance:qaclickacademy.Mavenjava.RESTAPITest@79b4d0f]" name="postJira" duration-ms="0" started-at="2020-12-10T18:13:18Z" finished-at="2020-12-10T18:13:18Z">
          <reporter-output>
          </reporter-output>
        </test-method> <!-- postJira -->
      </class> <!-- qaclickacademy.Mavenjava.RESTAPITest -->
      <class name="qaclickacademy.Mavenjava.SeleniumTest">
        <test-method status="PASS" signature="BrowserAUtomation()[pri:0, instance:qaclickacademy.Mavenjava.SeleniumTest@6b2fad11]" name="BrowserAUtomation" duration-ms="0" started-at="2020-12-10T18:13:18Z" finished-at="2020-12-10T18:13:18Z">
          <reporter-output>
          </reporter-output>
        </test-method> <!-- BrowserAUtomation -->
        <test-method status="PASS" signature="elementsUI()[pri:0, instance:qaclickacademy.Mavenjava.SeleniumTest@6b2fad11]" name="elementsUI" duration-ms="0" started-at="2020-12-10T18:13:18Z" finished-at="2020-12-10T18:13:18Z">
          <reporter-output>
          </reporter-output>
        </test-method> <!-- elementsUI -->
      </class> <!-- qaclickacademy.Mavenjava.SeleniumTest -->
    </test> <!-- Command line test -->
  </suite> <!-- Command line suite -->
</testng-results>
